<?xml version="1.0" encoding="UTF-8"?>
<!-- Generated by org.testng.reporters.JUnitReportReporter -->
<testsuite hostname="KTV-2022-186" failures="0" tests="1" name="TestlinkTest" time="1.660" errors="0" timestamp="2024-03-04T19:04:02 WIB" skipped="0">
  <testcase classname="TestlinkTest" name="test" time="1.660"/>
</testsuite> <!-- TestlinkTest -->
